Using pre-set license
Built from '2020.3/staging' branch; Version is '2020.3.18f1 (a7d1c678663c) revision 10998214'; Using compiler version '192528614'; Build Type 'Release'
OS: 'Windows 10 Pro; OS build 19043.1415; Version 2009; 64bit' Language: 'en' Physical Memory: 16328 MB
BatchMode: 1, IsHumanControllingUs: 0, StartBugReporterOnCrash: 0, Is64bit: 1, IsPro: 0

COMMAND LINE ARGUMENTS:
D:\Unity\2020.3.18f1\Editor\Unity.exe
-adb2
-batchMode
-noUpm
-name
AssetImportWorker0
-projectPath
D:/Unity Games/Gone Rogue/Gone Rogue
-logFile
Logs/AssetImportWorker0.log
-srvPort
54811
Successfully changed project path to: D:/Unity Games/Gone Rogue/Gone Rogue
D:/Unity Games/Gone Rogue/Gone Rogue
Using Asset Import Pipeline V2.
Refreshing native plugins compatible for Editor in 44.59 ms, found 3 plugins.
Preloading 0 native plugins for Editor in 0.00 ms.
Initialize engine version: 2020.3.18f1 (a7d1c678663c)
[Subsystems] Discovering subsystems at path D:/Unity/2020.3.18f1/Editor/Data/Resources/UnitySubsystems
[Subsystems] Discovering subsystems at path D:/Unity Games/Gone Rogue/Gone Rogue/Assets
GfxDevice: creating device client; threaded=0
Direct3D:
    Version:  Direct3D 11.0 [level 11.1]
    Renderer: AMD Radeon RX 5700 XT (ID=0x731f)
    Vendor:   
    VRAM:     8151 MB
    Driver:   30.0.14011.3017
Initialize mono
Mono path[0] = 'D:/Unity/2020.3.18f1/Editor/Data/Managed'
Mono path[1] = 'D:/Unity/2020.3.18f1/Editor/Data/MonoBleedingEdge/lib/mono/unityjit'
Mono config path = 'D:/Unity/2020.3.18f1/Editor/Data/MonoBleedingEdge/etc'
Using monoOptions --debugger-agent=transport=dt_socket,embedding=1,server=y,suspend=n,address=127.0.0.1:56088
Begin MonoManager ReloadAssembly
Registering precompiled unity dll's ...
Register platform support module: D:/Unity/2020.3.18f1/Editor/Data/PlaybackEngines/WindowsStandaloneSupport/UnityEditor.WindowsStandalone.Extensions.dll
Registered in 0.000810 seconds.
Native extension for WindowsStandalone target not found
Refreshing native plugins compatible for Editor in 47.59 ms, found 3 plugins.
Preloading 0 native plugins for Editor in 0.00 ms.
Mono: successfully reloaded assembly
- Completed reload, in  0.742 seconds
Domain Reload Profiling:
	ReloadAssembly (742ms)
		BeginReloadAssembly (41ms)
			ExecutionOrderSort (0ms)
			DisableScriptedObjects (0ms)
			BackupInstance (0ms)
			ReleaseScriptingObjects (0ms)
			CreateAndSetChildDomain (1ms)
		EndReloadAssembly (343ms)
			LoadAssemblies (40ms)
			RebuildTransferFunctionScriptingTraits (0ms)
			SetupTypeCache (119ms)
			ReleaseScriptCaches (0ms)
			RebuildScriptCaches (24ms)
			SetupLoadedEditorAssemblies (152ms)
				LogAssemblyErrors (0ms)
				InitializePlatformSupportModulesInManaged (3ms)
				SetLoadedEditorAssemblies (0ms)
				RefreshPlugins (48ms)
				BeforeProcessingInitializeOnLoad (12ms)
				ProcessInitializeOnLoadAttributes (66ms)
				ProcessInitializeOnLoadMethodAttributes (23ms)
				AfterProcessingInitializeOnLoad (0ms)
				EditorAssembliesLoaded (0ms)
			ExecutionOrderSort2 (0ms)
			AwakeInstancesAfterBackupRestoration (0ms)
Platform modules already initialized, skipping
Registering precompiled user dll's ...
Registered in 0.002257 seconds.
Begin MonoManager ReloadAssembly
Native extension for WindowsStandalone target not found
Refreshing native plugins compatible for Editor in 58.18 ms, found 3 plugins.
Preloading 0 native plugins for Editor in 0.00 ms.
Mono: successfully reloaded assembly
- Completed reload, in  0.949 seconds
Domain Reload Profiling:
	ReloadAssembly (950ms)
		BeginReloadAssembly (117ms)
			ExecutionOrderSort (0ms)
			DisableScriptedObjects (4ms)
			BackupInstance (0ms)
			ReleaseScriptingObjects (0ms)
			CreateAndSetChildDomain (18ms)
		EndReloadAssembly (780ms)
			LoadAssemblies (72ms)
			RebuildTransferFunctionScriptingTraits (0ms)
			SetupTypeCache (249ms)
			ReleaseScriptCaches (1ms)
			RebuildScriptCaches (52ms)
			SetupLoadedEditorAssemblies (302ms)
				LogAssemblyErrors (0ms)
				InitializePlatformSupportModulesInManaged (3ms)
				SetLoadedEditorAssemblies (0ms)
				RefreshPlugins (58ms)
				BeforeProcessingInitializeOnLoad (59ms)
				ProcessInitializeOnLoadAttributes (170ms)
				ProcessInitializeOnLoadMethodAttributes (10ms)
				AfterProcessingInitializeOnLoad (2ms)
				EditorAssembliesLoaded (0ms)
			ExecutionOrderSort2 (0ms)
			AwakeInstancesAfterBackupRestoration (5ms)
Platform modules already initialized, skipping
========================================================================
Worker process is ready to serve import requests
Launched and connected shader compiler UnityShaderCompiler.exe after 0.05 seconds
Refreshing native plugins compatible for Editor in 0.57 ms, found 3 plugins.
Preloading 0 native plugins for Editor in 0.00 ms.
Unloading 2322 Unused Serialized files (Serialized files now loaded: 0)
System memory in use before: 103.0 MB.
System memory in use after: 103.2 MB.

Unloading 27 unused Assets to reduce memory usage. Loaded Objects now: 2762.
Total: 3.730400 ms (FindLiveObjects: 0.338000 ms CreateObjectMapping: 0.066500 ms MarkObjects: 3.219100 ms  DeleteObjects: 0.104800 ms)

AssetImportParameters requested are different than current active one (requested -> active):
  custom:framework-win-MediaFoundation: 216162199b28c13a410421893ffa2e32 -> 
  custom:video-decoder-ogg-theora: a1e56fd34408186e4bbccfd4996cb3dc -> 
  custom:container-muxer-webm: aa71ff27fc2769a1b78a27578f13a17b -> 
  custom:container-demuxer-webm: 4f35f7cbe854078d1ac9338744f61a02 -> 
  custom:container-demuxer-ogg: 62fdf1f143b41e24485cea50d1cbac27 -> 
  custom:video-encoder-webm-vp8: eb34c28f22e8b96e1ab97ce403110664 -> 
  custom:video-decoder-webm-vp8: 9c59270c3fd7afecdb556c50c9e8de78 -> 
  custom:audio-decoder-ogg-vorbis: bf7c407c2cedff20999df2af8eb42d56 -> 
  custom:audio-encoder-webm-vorbis: bf7c407c2cedff20999df2af8eb42d56 -> 
========================================================================
Received Import Request.
  path: Assets/LifeBarMiniUnder.png
  artifactKey: Guid(a75cb9c1fdba3ea478dc99068eca1ae1) Importer(815301076,1909f56bfc062723c751e8b465ee728b)
Start importing Assets/LifeBarMiniUnder.png using Guid(a75cb9c1fdba3ea478dc99068eca1ae1) Importer(815301076,1909f56bfc062723c751e8b465ee728b)  -> (artifact id: '0ee2a60fc2fb20cc8229ef00c43a3c90') in 0.079764 seconds 
  Import took 0.083505 seconds .

========================================================================
Received Import Request.
  Time since last request: 0.000156 seconds.
  path: Assets/LifeBarMiniProgress.png
  artifactKey: Guid(ad82b7463f23b4d4ea1a517597363f2d) Importer(815301076,1909f56bfc062723c751e8b465ee728b)
Start importing Assets/LifeBarMiniProgress.png using Guid(ad82b7463f23b4d4ea1a517597363f2d) Importer(815301076,1909f56bfc062723c751e8b465ee728b)  -> (artifact id: 'e86cfd6c6c48c123b9e47c5da555b012') in 0.010202 seconds 
  Import took 0.013422 seconds .

========================================================================
Received Import Request.
  Time since last request: 0.000190 seconds.
  path: Assets/20 - Good Time.ogg
  artifactKey: Guid(034e8a8729abfd24eba4c56068d15252) Importer(815301076,1909f56bfc062723c751e8b465ee728b)
Start importing Assets/20 - Good Time.ogg using Guid(034e8a8729abfd24eba4c56068d15252) Importer(815301076,1909f56bfc062723c751e8b465ee728b)  -> (artifact id: '2e333fa8a798dbf45d1353cf71a4164f') in 0.024639 seconds 
  Import took 0.027870 seconds .

========================================================================
Received Import Request.
  Time since last request: 0.000195 seconds.
  path: Assets/Heart.png
  artifactKey: Guid(db602c134c43e4e458ac67ac14f88475) Importer(815301076,1909f56bfc062723c751e8b465ee728b)
Start importing Assets/Heart.png using Guid(db602c134c43e4e458ac67ac14f88475) Importer(815301076,1909f56bfc062723c751e8b465ee728b)  -> (artifact id: '471b0b8681292831598033a1188f4065') in 0.014340 seconds 
  Import took 0.017469 seconds .

========================================================================
Received Import Request.
  Time since last request: 3.118525 seconds.
  path: Assets/tutorial1.png
  artifactKey: Guid(34b179646979db24c8072dfad4bf1662) Importer(815301076,1909f56bfc062723c751e8b465ee728b)
Start importing Assets/tutorial1.png using Guid(34b179646979db24c8072dfad4bf1662) Importer(815301076,1909f56bfc062723c751e8b465ee728b)  -> (artifact id: '1f1ab15533b2ba6e35a0d9dcfc4cfd18') in 0.009881 seconds 
  Import took 0.013244 seconds .

========================================================================
Received Import Request.
  Time since last request: 0.000160 seconds.
  path: Assets/WhiteFlash.mat
  artifactKey: Guid(8044357bc9e5f4444bf07e0d6bd57765) Importer(815301076,1909f56bfc062723c751e8b465ee728b)
Start importing Assets/WhiteFlash.mat using Guid(8044357bc9e5f4444bf07e0d6bd57765) Importer(815301076,1909f56bfc062723c751e8b465ee728b)  -> (artifact id: 'c44d9b435c25ea98cc748934a745598f') in 0.039807 seconds 
  Import took 0.042872 seconds .

========================================================================
Received Import Request.
  Time since last request: 10.272950 seconds.
  path: Assets/Scenes/Start Menu.unity
  artifactKey: Guid(cbca0ab1776c8bd4dbb6f6ccbc645871) Importer(815301076,1909f56bfc062723c751e8b465ee728b)
Start importing Assets/Scenes/Start Menu.unity using Guid(cbca0ab1776c8bd4dbb6f6ccbc645871) Importer(815301076,1909f56bfc062723c751e8b465ee728b)  -> (artifact id: '6602c6c435954453644eb2fb91b8ce2c') in 0.005036 seconds 
  Import took 0.008107 seconds .

========================================================================
Received Import Request.
  Time since last request: 0.006824 seconds.
  path: Assets/Scenes/Start Menu.unity
  artifactKey: Guid(cbca0ab1776c8bd4dbb6f6ccbc645871) Importer(815301076,1909f56bfc062723c751e8b465ee728b)
Start importing Assets/Scenes/Start Menu.unity using Guid(cbca0ab1776c8bd4dbb6f6ccbc645871) Importer(815301076,1909f56bfc062723c751e8b465ee728b)  -> (artifact id: '6602c6c435954453644eb2fb91b8ce2c') in 0.001177 seconds 
  Import took 0.003501 seconds .

AssetImportWorkerClient::OnTransportError - code=2 error=End of file
